<?xml version="1.0" encoding="UTF-8"?>
<testng-results ignored="0" total="1" passed="1" failed="0" skipped="0">
  <reporter-output>
  </reporter-output>
  <suite started-at="2026-04-15T15:18:01 IST" name="Suite" finished-at="2026-04-15T15:19:03 IST" duration-ms="62114">
    <groups>
    </groups>
    <test started-at="2026-04-15T15:18:01 IST" name="Test" finished-at="2026-04-15T15:19:03 IST" duration-ms="62114">
      <class name="tests.CruiseTest">
        <test-method is-config="true" signature="setUp()[pri:0, instance:tests.CruiseTest@62ddbd7e]" started-at="2026-04-15T15:18:01 IST" name="setUp" finished-at="2026-04-15T15:18:05 IST" duration-ms="3584" status="PASS">
          <reporter-output>
          </reporter-output>
        </test-method> <!-- setUp -->
        <test-method signature="fullCruiseFlow()[pri:0, instance:tests.CruiseTest@62ddbd7e]" started-at="2026-04-15T15:18:05 IST" name="fullCruiseFlow" finished-at="2026-04-15T15:18:59 IST" duration-ms="54322" status="PASS">
          <reporter-output>
          </reporter-output>
        </test-method> <!-- fullCruiseFlow -->
        <test-method is-config="true" signature="tearDown()[pri:0, instance:tests.CruiseTest@62ddbd7e]" started-at="2026-04-15T15:18:59 IST" name="tearDown" finished-at="2026-04-15T15:19:03 IST" duration-ms="4153" status="PASS">
          <reporter-output>
          </reporter-output>
        </test-method> <!-- tearDown -->
      </class> <!-- tests.CruiseTest -->
    </test> <!-- Test -->
  </suite> <!-- Suite -->
</testng-results>
